2019-12-03 20:36:32.666  INFO 7928 --- [restartedMain] c.e.crudoperations.CrudDemoApplication   : Starting CrudDemoApplication on Devil-PC with PID 7928 (E:\SpringbootAngularCRUD\CRUDDemo\target\classes started by Devil in E:\SpringbootAngularCRUD\CRUDDemo)
2019-12-03 20:36:32.960  INFO 7928 --- [restartedMain] c.e.crudoperations.CrudDemoApplication   : The following profiles are active: DEV
2019-12-03 20:36:33.921  INFO 7928 --- [restartedMain] o.s.b.devtools.restart.ChangeableUrls    : The Class-Path manifest attribute in C:\Users\Devil\.m2\repository\org\glassfish\jaxb\jaxb-runtime\2.3.2\jaxb-runtime-2.3.2.jar referenced one or more files that do not exist: file:/C:/Users/Devil/.m2/repository/org/glassfish/jaxb/jaxb-runtime/2.3.2/jakarta.xml.bind-api-2.3.2.jar,file:/C:/Users/Devil/.m2/repository/org/glassfish/jaxb/jaxb-runtime/2.3.2/txw2-2.3.2.jar,file:/C:/Users/Devil/.m2/repository/org/glassfish/jaxb/jaxb-runtime/2.3.2/istack-commons-runtime-3.0.8.jar,file:/C:/Users/Devil/.m2/repository/org/glassfish/jaxb/jaxb-runtime/2.3.2/stax-ex-1.8.1.jar,file:/C:/Users/Devil/.m2/repository/org/glassfish/jaxb/jaxb-runtime/2.3.2/FastInfoset-1.2.16.jar,file:/C:/Users/Devil/.m2/repository/org/glassfish/jaxb/jaxb-runtime/2.3.2/jakarta.activation-api-1.2.1.jar
2019-12-03 20:36:33.922  INFO 7928 --- [restartedMain] .e.DevToolsPropertyDefaultsPostProcessor : Devtools property defaults active! Set 'spring.devtools.add-properties' to 'false' to disable
2019-12-03 20:36:33.922  INFO 7928 --- [restartedMain] .e.DevToolsPropertyDefaultsPostProcessor : For additional web related logging consider setting the 'logging.level.web' property to 'DEBUG'
2019-12-03 20:36:38.676  INFO 7928 --- [restartedMain] .s.d.r.c.RepositoryConfigurationDelegate : Multiple Spring Data modules found, entering strict repository configuration mode!
2019-12-03 20:36:38.677  INFO 7928 --- [restartedMain] .s.d.r.c.RepositoryConfigurationDelegate : Bootstrapping Spring Data repositories in DEFAULT mode.
2019-12-03 20:36:38.765  INFO 7928 --- [restartedMain] .s.d.r.c.RepositoryConfigurationDelegate : Finished Spring Data repository scanning in 68ms. Found 0 repository interfaces.
2019-12-03 20:36:38.787  INFO 7928 --- [restartedMain] .s.d.r.c.RepositoryConfigurationDelegate : Multiple Spring Data modules found, entering strict repository configuration mode!
2019-12-03 20:36:38.787  INFO 7928 --- [restartedMain] .s.d.r.c.RepositoryConfigurationDelegate : Bootstrapping Spring Data repositories in DEFAULT mode.
2019-12-03 20:36:38.796  INFO 7928 --- [restartedMain] .s.d.r.c.RepositoryConfigurationDelegate : Finished Spring Data repository scanning in 3ms. Found 0 repository interfaces.
2019-12-03 20:36:40.454  INFO 7928 --- [restartedMain] trationDelegate$BeanPostProcessorChecker : Bean 'org.springframework.transaction.annotation.ProxyTransactionManagementConfiguration' of type [org.springframework.transaction.annotation.ProxyTransactionManagementConfiguration] is not eligible for getting processed by all BeanPostProcessors (for example: not eligible for auto-proxying)
2019-12-03 20:36:42.158  INFO 7928 --- [restartedMain] o.s.b.w.embedded.tomcat.TomcatWebServer  : Tomcat initialized with port(s): 8090 (http)
2019-12-03 20:36:42.210  INFO 7928 --- [restartedMain] o.apache.catalina.core.StandardService   : Starting service [Tomcat]
2019-12-03 20:36:42.210  INFO 7928 --- [restartedMain] org.apache.catalina.core.StandardEngine  : Starting Servlet engine: [Apache Tomcat/9.0.27]
2019-12-03 20:36:42.633  INFO 7928 --- [restartedMain] o.a.c.c.C.[Tomcat].[localhost].[/]       : Initializing Spring embedded WebApplicationContext
2019-12-03 20:36:42.634  INFO 7928 --- [restartedMain] o.s.web.context.ContextLoader            : Root WebApplicationContext: initialization completed in 8712 ms
2019-12-03 20:36:43.342  INFO 7928 --- [restartedMain] com.zaxxer.hikari.HikariDataSource       : HikariPool-1 - Starting...
2019-12-03 20:36:50.678  INFO 7928 --- [restartedMain] com.zaxxer.hikari.HikariDataSource       : HikariPool-1 - Start completed.
2019-12-03 20:36:50.856  INFO 7928 --- [restartedMain] o.hibernate.jpa.internal.util.LogHelper  : HHH000204: Processing PersistenceUnitInfo [name: default]
2019-12-03 20:36:52.472  INFO 7928 --- [restartedMain] org.hibernate.Version                    : HHH000412: Hibernate Core {5.4.8.Final}
2019-12-03 20:36:54.512  INFO 7928 --- [restartedMain] o.hibernate.annotations.common.Version   : HCANN000001: Hibernate Commons Annotations {5.1.0.Final}
2019-12-03 20:36:55.206  INFO 7928 --- [restartedMain] org.hibernate.dialect.Dialect            : HHH000400: Using dialect: org.hibernate.dialect.MySQL57Dialect
2019-12-03 20:36:58.486  INFO 7928 --- [restartedMain] o.h.e.t.j.p.i.JtaPlatformInitiator       : HHH000490: Using JtaPlatform implementation: [org.hibernate.engine.transaction.jta.platform.internal.NoJtaPlatform]
2019-12-03 20:36:58.529  INFO 7928 --- [restartedMain] j.LocalContainerEntityManagerFactoryBean : Initialized JPA EntityManagerFactory for persistence unit 'default'
2019-12-03 20:36:58.978  WARN 7928 --- [restartedMain] JpaBaseConfiguration$JpaWebConfiguration : spring.jpa.open-in-view is enabled by default. Therefore, database queries may be performed during view rendering. Explicitly configure spring.jpa.open-in-view to disable this warning
2019-12-03 20:37:00.043  INFO 7928 --- [restartedMain] o.s.s.concurrent.ThreadPoolTaskExecutor  : Initializing ExecutorService 'applicationTaskExecutor'
2019-12-03 20:37:01.734  INFO 7928 --- [restartedMain] .s.s.UserDetailsServiceAutoConfiguration : 

Using generated security password: 74e69d37-6717-423a-8fc0-2be2f72488fc

2019-12-03 20:37:02.038  INFO 7928 --- [restartedMain] o.s.s.web.DefaultSecurityFilterChain     : Creating filter chain: any request, [org.springframework.security.web.context.request.async.WebAsyncManagerIntegrationFilter@1c2564c9, org.springframework.security.web.context.SecurityContextPersistenceFilter@200e5192, org.springframework.security.web.header.HeaderWriterFilter@19e8199, org.springframework.security.web.csrf.CsrfFilter@57923298, org.springframework.security.web.authentication.logout.LogoutFilter@572087f7, org.springframework.security.web.authentication.UsernamePasswordAuthenticationFilter@62f7e22, org.springframework.security.web.authentication.ui.DefaultLoginPageGeneratingFilter@36f69401, org.springframework.security.web.authentication.ui.DefaultLogoutPageGeneratingFilter@7a61b468, org.springframework.security.web.authentication.www.BasicAuthenticationFilter@1bbf9036, org.springframework.security.web.savedrequest.RequestCacheAwareFilter@3ff896bc, org.springframework.security.web.servletapi.SecurityContextHolderAwareRequestFilter@122b2f49, org.springframework.security.web.authentication.AnonymousAuthenticationFilter@3383e380, org.springframework.security.web.session.SessionManagementFilter@1cd4c3f, org.springframework.security.web.access.ExceptionTranslationFilter@6d632f4b, org.springframework.security.web.access.intercept.FilterSecurityInterceptor@4eff9a0]
2019-12-03 20:37:02.186  INFO 7928 --- [restartedMain] o.s.b.d.a.OptionalLiveReloadServer       : LiveReload server is running on port 35729
2019-12-03 20:37:02.453  INFO 7928 --- [restartedMain] o.s.b.w.embedded.tomcat.TomcatWebServer  : Tomcat started on port(s): 8090 (http) with context path ''
2019-12-03 20:37:02.457  INFO 7928 --- [restartedMain] c.e.crudoperations.CrudDemoApplication   : Started CrudDemoApplication in 32.109 seconds (JVM running for 36.84)
2019-12-03 20:37:34.604  INFO 7928 --- [http-nio-8090-exec-1] o.a.c.c.C.[Tomcat].[localhost].[/]       : Initializing Spring DispatcherServlet 'dispatcherServlet'
2019-12-03 20:37:34.604  INFO 7928 --- [http-nio-8090-exec-1] o.s.web.servlet.DispatcherServlet        : Initializing Servlet 'dispatcherServlet'
2019-12-03 20:37:34.663  INFO 7928 --- [http-nio-8090-exec-1] o.s.web.servlet.DispatcherServlet        : Completed initialization in 59 ms
2019-12-03 20:40:10.528  INFO 7928 --- [Thread-7] o.s.s.concurrent.ThreadPoolTaskExecutor  : Shutting down ExecutorService 'applicationTaskExecutor'
2019-12-03 20:40:10.529  INFO 7928 --- [Thread-7] j.LocalContainerEntityManagerFactoryBean : Closing JPA EntityManagerFactory for persistence unit 'default'
2019-12-03 20:40:10.536  INFO 7928 --- [Thread-7] com.zaxxer.hikari.HikariDataSource       : HikariPool-1 - Shutdown initiated...
2019-12-03 20:40:10.594  INFO 7928 --- [Thread-7] com.zaxxer.hikari.HikariDataSource       : HikariPool-1 - Shutdown completed.
2019-12-03 20:40:11.556  INFO 7928 --- [restartedMain] c.e.crudoperations.CrudDemoApplication   : starting application...
2019-12-03 20:40:11.692  INFO 7928 --- [restartedMain] c.e.crudoperations.CrudDemoApplication   : Starting CrudDemoApplication on Devil-PC with PID 7928 (E:\SpringbootAngularCRUD\CRUDDemo\target\classes started by Devil in E:\SpringbootAngularCRUD\CRUDDemo)
2019-12-03 20:40:11.692  INFO 7928 --- [restartedMain] c.e.crudoperations.CrudDemoApplication   : The following profiles are active: DEV
2019-12-03 20:40:12.221  INFO 7928 --- [restartedMain] .s.d.r.c.RepositoryConfigurationDelegate : Multiple Spring Data modules found, entering strict repository configuration mode!
2019-12-03 20:40:12.221  INFO 7928 --- [restartedMain] .s.d.r.c.RepositoryConfigurationDelegate : Bootstrapping Spring Data repositories in DEFAULT mode.
2019-12-03 20:40:12.260  INFO 7928 --- [restartedMain] .s.d.r.c.RepositoryConfigurationDelegate : Finished Spring Data repository scanning in 38ms. Found 0 repository interfaces.
2019-12-03 20:40:12.265  INFO 7928 --- [restartedMain] .s.d.r.c.RepositoryConfigurationDelegate : Multiple Spring Data modules found, entering strict repository configuration mode!
2019-12-03 20:40:12.265  INFO 7928 --- [restartedMain] .s.d.r.c.RepositoryConfigurationDelegate : Bootstrapping Spring Data repositories in DEFAULT mode.
2019-12-03 20:40:12.271  INFO 7928 --- [restartedMain] .s.d.r.c.RepositoryConfigurationDelegate : Finished Spring Data repository scanning in 6ms. Found 0 repository interfaces.
2019-12-03 20:40:12.468  INFO 7928 --- [restartedMain] trationDelegate$BeanPostProcessorChecker : Bean 'org.springframework.transaction.annotation.ProxyTransactionManagementConfiguration' of type [org.springframework.transaction.annotation.ProxyTransactionManagementConfiguration] is not eligible for getting processed by all BeanPostProcessors (for example: not eligible for auto-proxying)
2019-12-03 20:40:12.595  WARN 7928 --- [restartedMain] org.apache.tomcat.util.modeler.Registry  : The MBean registry cannot be disabled because it has already been initialised
2019-12-03 20:40:12.798  INFO 7928 --- [restartedMain] o.s.b.w.embedded.tomcat.TomcatWebServer  : Tomcat initialized with port(s): 8090 (http)
2019-12-03 20:40:13.754  INFO 7928 --- [restartedMain] o.apache.catalina.core.StandardService   : Starting service [Tomcat]
2019-12-03 20:40:13.754  INFO 7928 --- [restartedMain] org.apache.catalina.core.StandardEngine  : Starting Servlet engine: [Apache Tomcat/9.0.27]
2019-12-03 20:40:13.790  INFO 7928 --- [restartedMain] o.a.c.c.C.[Tomcat].[localhost].[/]       : Initializing Spring embedded WebApplicationContext
2019-12-03 20:40:13.791  INFO 7928 --- [restartedMain] o.s.web.context.ContextLoader            : Root WebApplicationContext: initialization completed in 2085 ms
2019-12-03 20:40:19.250  INFO 7928 --- [restartedMain] com.zaxxer.hikari.HikariDataSource       : HikariPool-2 - Starting...
2019-12-03 20:40:20.368  INFO 7928 --- [restartedMain] com.zaxxer.hikari.HikariDataSource       : HikariPool-2 - Start completed.
2019-12-03 20:40:20.376  INFO 7928 --- [restartedMain] o.hibernate.jpa.internal.util.LogHelper  : HHH000204: Processing PersistenceUnitInfo [name: default]
2019-12-03 20:40:20.849  INFO 7928 --- [restartedMain] org.hibernate.dialect.Dialect            : HHH000400: Using dialect: org.hibernate.dialect.MySQL57Dialect
2019-12-03 20:40:21.489  INFO 7928 --- [restartedMain] o.h.e.t.j.p.i.JtaPlatformInitiator       : HHH000490: Using JtaPlatform implementation: [org.hibernate.engine.transaction.jta.platform.internal.NoJtaPlatform]
2019-12-03 20:40:21.489  INFO 7928 --- [restartedMain] j.LocalContainerEntityManagerFactoryBean : Initialized JPA EntityManagerFactory for persistence unit 'default'
2019-12-03 20:40:21.634  WARN 7928 --- [restartedMain] JpaBaseConfiguration$JpaWebConfiguration : spring.jpa.open-in-view is enabled by default. Therefore, database queries may be performed during view rendering. Explicitly configure spring.jpa.open-in-view to disable this warning
2019-12-03 20:40:21.840  INFO 7928 --- [restartedMain] o.s.s.concurrent.ThreadPoolTaskExecutor  : Initializing ExecutorService 'applicationTaskExecutor'
2019-12-03 20:40:22.661  INFO 7928 --- [restartedMain] .s.s.UserDetailsServiceAutoConfiguration : 

Using generated security password: 6855373a-e3c8-4ad3-89e2-ff925953d421

2019-12-03 20:40:22.680  INFO 7928 --- [restartedMain] o.s.s.web.DefaultSecurityFilterChain     : Creating filter chain: any request, [org.springframework.security.web.context.request.async.WebAsyncManagerIntegrationFilter@4141a84, org.springframework.security.web.context.SecurityContextPersistenceFilter@bf378d, org.springframework.security.web.header.HeaderWriterFilter@61f988b6, org.springframework.security.web.csrf.CsrfFilter@11c7ce0b, org.springframework.security.web.authentication.logout.LogoutFilter@67955c4b, org.springframework.security.web.authentication.UsernamePasswordAuthenticationFilter@27a2c00d, org.springframework.security.web.authentication.ui.DefaultLoginPageGeneratingFilter@664a9fc0, org.springframework.security.web.authentication.ui.DefaultLogoutPageGeneratingFilter@45d9fd94, org.springframework.security.web.authentication.www.BasicAuthenticationFilter@5b72e2a3, org.springframework.security.web.savedrequest.RequestCacheAwareFilter@5cf4853b, org.springframework.security.web.servletapi.SecurityContextHolderAwareRequestFilter@71650a2b, org.springframework.security.web.authentication.AnonymousAuthenticationFilter@74caef8a, org.springframework.security.web.session.SessionManagementFilter@2fa703e4, org.springframework.security.web.access.ExceptionTranslationFilter@203f8504, org.springframework.security.web.access.intercept.FilterSecurityInterceptor@581333e9]
2019-12-03 20:40:22.734  INFO 7928 --- [restartedMain] o.s.b.d.a.OptionalLiveReloadServer       : LiveReload server is running on port 35729
2019-12-03 20:40:22.773  INFO 7928 --- [restartedMain] o.s.b.w.embedded.tomcat.TomcatWebServer  : Tomcat started on port(s): 8090 (http) with context path ''
2019-12-03 20:40:22.854  INFO 7928 --- [restartedMain] c.e.crudoperations.CrudDemoApplication   : Started CrudDemoApplication in 11.292 seconds (JVM running for 237.235)
2019-12-03 20:40:22.859  INFO 7928 --- [restartedMain] .ConditionEvaluationDeltaLoggingListener : Condition evaluation unchanged
2019-12-03 20:40:23.940  INFO 7928 --- [RMI TCP Connection(12)-127.0.0.1] inMXBeanRegistrar$SpringApplicationAdmin : Application shutdown requested.
2019-12-03 20:40:23.977  INFO 7928 --- [RMI TCP Connection(12)-127.0.0.1] o.s.s.concurrent.ThreadPoolTaskExecutor  : Shutting down ExecutorService 'applicationTaskExecutor'
2019-12-03 20:40:23.979  INFO 7928 --- [RMI TCP Connection(12)-127.0.0.1] j.LocalContainerEntityManagerFactoryBean : Closing JPA EntityManagerFactory for persistence unit 'default'
2019-12-03 20:40:23.981  INFO 7928 --- [RMI TCP Connection(12)-127.0.0.1] com.zaxxer.hikari.HikariDataSource       : HikariPool-2 - Shutdown initiated...
2019-12-03 20:40:24.001  INFO 7928 --- [RMI TCP Connection(12)-127.0.0.1] com.zaxxer.hikari.HikariDataSource       : HikariPool-2 - Shutdown completed.
2019-12-03 20:48:29.574  INFO 9084 --- [restartedMain] c.e.crudoperations.CrudDemoApplication   : Starting CrudDemoApplication on Devil-PC with PID 9084 (E:\SpringbootAngularCRUD\CRUDDemo\target\classes started by Devil in E:\SpringbootAngularCRUD\CRUDDemo)
2019-12-03 20:48:29.576  INFO 9084 --- [restartedMain] c.e.crudoperations.CrudDemoApplication   : The following profiles are active: DEV
2019-12-03 20:48:29.644  INFO 9084 --- [restartedMain] o.s.b.devtools.restart.ChangeableUrls    : The Class-Path manifest attribute in C:\Users\Devil\.m2\repository\org\glassfish\jaxb\jaxb-runtime\2.3.2\jaxb-runtime-2.3.2.jar referenced one or more files that do not exist: file:/C:/Users/Devil/.m2/repository/org/glassfish/jaxb/jaxb-runtime/2.3.2/jakarta.xml.bind-api-2.3.2.jar,file:/C:/Users/Devil/.m2/repository/org/glassfish/jaxb/jaxb-runtime/2.3.2/txw2-2.3.2.jar,file:/C:/Users/Devil/.m2/repository/org/glassfish/jaxb/jaxb-runtime/2.3.2/istack-commons-runtime-3.0.8.jar,file:/C:/Users/Devil/.m2/repository/org/glassfish/jaxb/jaxb-runtime/2.3.2/stax-ex-1.8.1.jar,file:/C:/Users/Devil/.m2/repository/org/glassfish/jaxb/jaxb-runtime/2.3.2/FastInfoset-1.2.16.jar,file:/C:/Users/Devil/.m2/repository/org/glassfish/jaxb/jaxb-runtime/2.3.2/jakarta.activation-api-1.2.1.jar
2019-12-03 20:48:29.647  INFO 9084 --- [restartedMain] .e.DevToolsPropertyDefaultsPostProcessor : Devtools property defaults active! Set 'spring.devtools.add-properties' to 'false' to disable
2019-12-03 20:48:29.647  INFO 9084 --- [restartedMain] .e.DevToolsPropertyDefaultsPostProcessor : For additional web related logging consider setting the 'logging.level.web' property to 'DEBUG'
2019-12-03 20:48:31.918  INFO 9084 --- [restartedMain] .s.d.r.c.RepositoryConfigurationDelegate : Multiple Spring Data modules found, entering strict repository configuration mode!
2019-12-03 20:48:31.919  INFO 9084 --- [restartedMain] .s.d.r.c.RepositoryConfigurationDelegate : Bootstrapping Spring Data repositories in DEFAULT mode.
2019-12-03 20:48:32.057  INFO 9084 --- [restartedMain] .s.d.r.c.RepositoryConfigurationDelegate : Finished Spring Data repository scanning in 130ms. Found 0 repository interfaces.
2019-12-03 20:48:32.073  INFO 9084 --- [restartedMain] .s.d.r.c.RepositoryConfigurationDelegate : Multiple Spring Data modules found, entering strict repository configuration mode!
2019-12-03 20:48:32.075  INFO 9084 --- [restartedMain] .s.d.r.c.RepositoryConfigurationDelegate : Bootstrapping Spring Data repositories in DEFAULT mode.
2019-12-03 20:48:32.083  INFO 9084 --- [restartedMain] .s.d.r.c.RepositoryConfigurationDelegate : Finished Spring Data repository scanning in 3ms. Found 0 repository interfaces.
2019-12-03 20:48:33.620  INFO 9084 --- [restartedMain] trationDelegate$BeanPostProcessorChecker : Bean 'org.springframework.transaction.annotation.ProxyTransactionManagementConfiguration' of type [org.springframework.transaction.annotation.ProxyTransactionManagementConfiguration] is not eligible for getting processed by all BeanPostProcessors (for example: not eligible for auto-proxying)
2019-12-03 20:48:34.693  INFO 9084 --- [restartedMain] o.s.b.w.embedded.tomcat.TomcatWebServer  : Tomcat initialized with port(s): 8090 (http)
2019-12-03 20:48:34.795  INFO 9084 --- [restartedMain] o.apache.catalina.core.StandardService   : Starting service [Tomcat]
2019-12-03 20:48:34.796  INFO 9084 --- [restartedMain] org.apache.catalina.core.StandardEngine  : Starting Servlet engine: [Apache Tomcat/9.0.27]
2019-12-03 20:48:35.200  INFO 9084 --- [restartedMain] o.a.c.c.C.[Tomcat].[localhost].[/]       : Initializing Spring embedded WebApplicationContext
2019-12-03 20:48:35.200  INFO 9084 --- [restartedMain] o.s.web.context.ContextLoader            : Root WebApplicationContext: initialization completed in 5553 ms
2019-12-03 20:48:35.668  INFO 9084 --- [restartedMain] com.zaxxer.hikari.HikariDataSource       : HikariPool-1 - Starting...
2019-12-03 20:48:36.098  INFO 9084 --- [restartedMain] com.zaxxer.hikari.HikariDataSource       : HikariPool-1 - Start completed.
2019-12-03 20:48:36.151  INFO 9084 --- [restartedMain] o.hibernate.jpa.internal.util.LogHelper  : HHH000204: Processing PersistenceUnitInfo [name: default]
2019-12-03 20:48:41.540  INFO 9084 --- [restartedMain] org.hibernate.Version                    : HHH000412: Hibernate Core {5.4.8.Final}
2019-12-03 20:48:42.365  INFO 9084 --- [restartedMain] o.hibernate.annotations.common.Version   : HCANN000001: Hibernate Commons Annotations {5.1.0.Final}
2019-12-03 20:48:42.588  INFO 9084 --- [restartedMain] org.hibernate.dialect.Dialect            : HHH000400: Using dialect: org.hibernate.dialect.MySQL57Dialect
2019-12-03 20:48:44.008  INFO 9084 --- [restartedMain] o.h.e.t.j.p.i.JtaPlatformInitiator       : HHH000490: Using JtaPlatform implementation: [org.hibernate.engine.transaction.jta.platform.internal.NoJtaPlatform]
2019-12-03 20:48:44.050  INFO 9084 --- [restartedMain] j.LocalContainerEntityManagerFactoryBean : Initialized JPA EntityManagerFactory for persistence unit 'default'
2019-12-03 20:48:44.217  WARN 9084 --- [restartedMain] JpaBaseConfiguration$JpaWebConfiguration : spring.jpa.open-in-view is enabled by default. Therefore, database queries may be performed during view rendering. Explicitly configure spring.jpa.open-in-view to disable this warning
2019-12-03 20:48:44.641  WARN 9084 --- [restartedMain] ConfigServletWebServerApplicationContext : Exception encountered during context initialization - cancelling refresh attempt: org.springframework.beans.factory.BeanCreationException: Error creating bean with name 'springSecurityFilterChain' defined in class path resource [org/springframework/security/config/annotation/web/configuration/WebSecurityConfiguration.class]: Bean instantiation via factory method failed; nested exception is org.springframework.beans.BeanInstantiationException: Failed to instantiate [javax.servlet.Filter]: Factory method 'springSecurityFilterChain' threw exception; nested exception is java.lang.IllegalArgumentException: '?error' is not a valid redirect URL
2019-12-03 20:48:44.643  INFO 9084 --- [restartedMain] j.LocalContainerEntityManagerFactoryBean : Closing JPA EntityManagerFactory for persistence unit 'default'
2019-12-03 20:48:44.648  INFO 9084 --- [restartedMain] com.zaxxer.hikari.HikariDataSource       : HikariPool-1 - Shutdown initiated...
2019-12-03 20:48:44.696  INFO 9084 --- [restartedMain] com.zaxxer.hikari.HikariDataSource       : HikariPool-1 - Shutdown completed.
2019-12-03 20:48:44.700  INFO 9084 --- [restartedMain] o.apache.catalina.core.StandardService   : Stopping service [Tomcat]
2019-12-03 20:48:44.750  INFO 9084 --- [restartedMain] ConditionEvaluationReportLoggingListener : 

Error starting ApplicationContext. To display the conditions report re-run your application with 'debug' enabled.
2019-12-03 20:48:44.809 ERROR 9084 --- [restartedMain] o.s.boot.SpringApplication               : Application run failed

org.springframework.beans.factory.BeanCreationException: Error creating bean with name 'springSecurityFilterChain' defined in class path resource [org/springframework/security/config/annotation/web/configuration/WebSecurityConfiguration.class]: Bean instantiation via factory method failed; nested exception is org.springframework.beans.BeanInstantiationException: Failed to instantiate [javax.servlet.Filter]: Factory method 'springSecurityFilterChain' threw exception; nested exception is java.lang.IllegalArgumentException: '?error' is not a valid redirect URL
	at org.springframework.beans.factory.support.ConstructorResolver.instantiate(ConstructorResolver.java:645) ~[spring-beans-5.2.1.RELEASE.jar:5.2.1.RELEASE]
	at org.springframework.beans.factory.support.ConstructorResolver.instantiateUsingFactoryMethod(ConstructorResolver.java:475) ~[spring-beans-5.2.1.RELEASE.jar:5.2.1.RELEASE]
	at org.springframework.beans.factory.support.AbstractAutowireCapableBeanFactory.instantiateUsingFactoryMethod(AbstractAutowireCapableBeanFactory.java:1338) ~[spring-beans-5.2.1.RELEASE.jar:5.2.1.RELEASE]
	at org.springframework.beans.factory.support.AbstractAutowireCapableBeanFactory.createBeanInstance(AbstractAutowireCapableBeanFactory.java:1177) ~[spring-beans-5.2.1.RELEASE.jar:5.2.1.RELEASE]
	at org.springframework.beans.factory.support.AbstractAutowireCapableBeanFactory.doCreateBean(AbstractAutowireCapableBeanFactory.java:557) ~[spring-beans-5.2.1.RELEASE.jar:5.2.1.RELEASE]
	at org.springframework.beans.factory.support.AbstractAutowireCapableBeanFactory.createBean(AbstractAutowireCapableBeanFactory.java:517) ~[spring-beans-5.2.1.RELEASE.jar:5.2.1.RELEASE]
	at org.springframework.beans.factory.support.AbstractBeanFactory.lambda$doGetBean$0(AbstractBeanFactory.java:323) ~[spring-beans-5.2.1.RELEASE.jar:5.2.1.RELEASE]
	at org.springframework.beans.factory.support.DefaultSingletonBeanRegistry.getSingleton(DefaultSingletonBeanRegistry.java:222) ~[spring-beans-5.2.1.RELEASE.jar:5.2.1.RELEASE]
	at org.springframework.beans.factory.support.AbstractBeanFactory.doGetBean(AbstractBeanFactory.java:321) ~[spring-beans-5.2.1.RELEASE.jar:5.2.1.RELEASE]
	at org.springframework.beans.factory.support.AbstractBeanFactory.getBean(AbstractBeanFactory.java:202) ~[spring-beans-5.2.1.RELEASE.jar:5.2.1.RELEASE]
	at org.springframework.beans.factory.support.AbstractBeanFactory.doGetBean(AbstractBeanFactory.java:310) ~[spring-beans-5.2.1.RELEASE.jar:5.2.1.RELEASE]
	at org.springframework.beans.factory.support.AbstractBeanFactory.getBean(AbstractBeanFactory.java:202) ~[spring-beans-5.2.1.RELEASE.jar:5.2.1.RELEASE]
	at org.springframework.beans.factory.support.DefaultListableBeanFactory.preInstantiateSingletons(DefaultListableBeanFactory.java:879) ~[spring-beans-5.2.1.RELEASE.jar:5.2.1.RELEASE]
	at org.springframework.context.support.AbstractApplicationContext.finishBeanFactoryInitialization(AbstractApplicationContext.java:878) ~[spring-context-5.2.1.RELEASE.jar:5.2.1.RELEASE]
	at org.springframework.context.support.AbstractApplicationContext.refresh(AbstractApplicationContext.java:550) ~[spring-context-5.2.1.RELEASE.jar:5.2.1.RELEASE]
	at org.springframework.boot.web.servlet.context.ServletWebServerApplicationContext.refresh(ServletWebServerApplicationContext.java:141) ~[spring-boot-2.2.1.RELEASE.jar:2.2.1.RELEASE]
	at org.springframework.boot.SpringApplication.refresh(SpringApplication.java:747) [spring-boot-2.2.1.RELEASE.jar:2.2.1.RELEASE]
	at org.springframework.boot.SpringApplication.refreshContext(SpringApplication.java:397) [spring-boot-2.2.1.RELEASE.jar:2.2.1.RELEASE]
	at org.springframework.boot.SpringApplication.run(SpringApplication.java:315) [spring-boot-2.2.1.RELEASE.jar:2.2.1.RELEASE]
	at org.springframework.boot.SpringApplication.run(SpringApplication.java:1226) [spring-boot-2.2.1.RELEASE.jar:2.2.1.RELEASE]
	at org.springframework.boot.SpringApplication.run(SpringApplication.java:1215) [spring-boot-2.2.1.RELEASE.jar:2.2.1.RELEASE]
	at com.example.crudoperations.CrudDemoApplication.main(CrudDemoApplication.java:17) [classes/:na]
	at sun.reflect.NativeMethodAccessorImpl.invoke0(Native Method) ~[na:1.8.0_162]
	at sun.reflect.NativeMethodAccessorImpl.invoke(NativeMethodAccessorImpl.java:62) ~[na:1.8.0_162]
	at sun.reflect.DelegatingMethodAccessorImpl.invoke(DelegatingMethodAccessorImpl.java:43) ~[na:1.8.0_162]
	at java.lang.reflect.Method.invoke(Method.java:498) ~[na:1.8.0_162]
	at org.springframework.boot.devtools.restart.RestartLauncher.run(RestartLauncher.java:49) [spring-boot-devtools-2.2.1.RELEASE.jar:2.2.1.RELEASE]
Caused by: org.springframework.beans.BeanInstantiationException: Failed to instantiate [javax.servlet.Filter]: Factory method 'springSecurityFilterChain' threw exception; nested exception is java.lang.IllegalArgumentException: '?error' is not a valid redirect URL
	at org.springframework.beans.factory.support.SimpleInstantiationStrategy.instantiate(SimpleInstantiationStrategy.java:185) ~[spring-beans-5.2.1.RELEASE.jar:5.2.1.RELEASE]
	at org.springframework.beans.factory.support.ConstructorResolver.instantiate(ConstructorResolver.java:640) ~[spring-beans-5.2.1.RELEASE.jar:5.2.1.RELEASE]
	... 26 common frames omitted
Caused by: java.lang.IllegalArgumentException: '?error' is not a valid redirect URL
	at org.springframework.util.Assert.isTrue(Assert.java:136) ~[spring-core-5.2.1.RELEASE.jar:5.2.1.RELEASE]
	at org.springframework.security.web.authentication.SimpleUrlAuthenticationFailureHandler.setDefaultFailureUrl(SimpleUrlAuthenticationFailureHandler.java:126) ~[spring-security-web-5.2.1.RELEASE.jar:5.2.1.RELEASE]
	at org.springframework.security.web.authentication.SimpleUrlAuthenticationFailureHandler.<init>(SimpleUrlAuthenticationFailureHandler.java:61) ~[spring-security-web-5.2.1.RELEASE.jar:5.2.1.RELEASE]
	at org.springframework.security.config.annotation.web.configurers.AbstractAuthenticationFilterConfigurer.failureUrl(AbstractAuthenticationFilterConfigurer.java:216) ~[spring-security-config-5.2.1.RELEASE.jar:5.2.1.RELEASE]
	at org.springframework.security.config.annotation.web.configurers.AbstractAuthenticationFilterConfigurer.updateAuthenticationDefaults(AbstractAuthenticationFilterConfigurer.java:405) ~[spring-security-config-5.2.1.RELEASE.jar:5.2.1.RELEASE]
	at org.springframework.security.config.annotation.web.configurers.AbstractAuthenticationFilterConfigurer.init(AbstractAuthenticationFilterConfigurer.java:240) ~[spring-security-config-5.2.1.RELEASE.jar:5.2.1.RELEASE]
	at org.springframework.security.config.annotation.web.configurers.FormLoginConfigurer.init(FormLoginConfigurer.java:236) ~[spring-security-config-5.2.1.RELEASE.jar:5.2.1.RELEASE]
	at org.springframework.security.config.annotation.web.configurers.FormLoginConfigurer.init(FormLoginConfigurer.java:70) ~[spring-security-config-5.2.1.RELEASE.jar:5.2.1.RELEASE]
	at org.springframework.security.config.annotation.AbstractConfiguredSecurityBuilder.init(AbstractConfiguredSecurityBuilder.java:370) ~[spring-security-config-5.2.1.RELEASE.jar:5.2.1.RELEASE]
	at org.springframework.security.config.annotation.AbstractConfiguredSecurityBuilder.doBuild(AbstractConfiguredSecurityBuilder.java:324) ~[spring-security-config-5.2.1.RELEASE.jar:5.2.1.RELEASE]
	at org.springframework.security.config.annotation.AbstractSecurityBuilder.build(AbstractSecurityBuilder.java:41) ~[spring-security-config-5.2.1.RELEASE.jar:5.2.1.RELEASE]
	at org.springframework.security.config.annotation.web.builders.WebSecurity.performBuild(WebSecurity.java:292) ~[spring-security-config-5.2.1.RELEASE.jar:5.2.1.RELEASE]
	at org.springframework.security.config.annotation.web.builders.WebSecurity.performBuild(WebSecurity.java:79) ~[spring-security-config-5.2.1.RELEASE.jar:5.2.1.RELEASE]
	at org.springframework.security.config.annotation.AbstractConfiguredSecurityBuilder.doBuild(AbstractConfiguredSecurityBuilder.java:333) ~[spring-security-config-5.2.1.RELEASE.jar:5.2.1.RELEASE]
	at org.springframework.security.config.annotation.AbstractSecurityBuilder.build(AbstractSecurityBuilder.java:41) ~[spring-security-config-5.2.1.RELEASE.jar:5.2.1.RELEASE]
	at org.springframework.security.config.annotation.web.configuration.WebSecurityConfiguration.springSecurityFilterChain(WebSecurityConfiguration.java:104) ~[spring-security-config-5.2.1.RELEASE.jar:5.2.1.RELEASE]
	at sun.reflect.NativeMethodAccessorImpl.invoke0(Native Method) ~[na:1.8.0_162]
	at sun.reflect.NativeMethodAccessorImpl.invoke(NativeMethodAccessorImpl.java:62) ~[na:1.8.0_162]
	at sun.reflect.DelegatingMethodAccessorImpl.invoke(DelegatingMethodAccessorImpl.java:43) ~[na:1.8.0_162]
	at java.lang.reflect.Method.invoke(Method.java:498) ~[na:1.8.0_162]
	at org.springframework.beans.factory.support.SimpleInstantiationStrategy.instantiate(SimpleInstantiationStrategy.java:154) ~[spring-beans-5.2.1.RELEASE.jar:5.2.1.RELEASE]
	... 27 common frames omitted

2019-12-03 20:49:32.327  INFO 8540 --- [restartedMain] c.e.crudoperations.CrudDemoApplication   : Starting CrudDemoApplication on Devil-PC with PID 8540 (E:\SpringbootAngularCRUD\CRUDDemo\target\classes started by Devil in E:\SpringbootAngularCRUD\CRUDDemo)
2019-12-03 20:49:32.329  INFO 8540 --- [restartedMain] c.e.crudoperations.CrudDemoApplication   : The following profiles are active: DEV
2019-12-03 20:49:32.465  INFO 8540 --- [restartedMain] o.s.b.devtools.restart.ChangeableUrls    : The Class-Path manifest attribute in C:\Users\Devil\.m2\repository\org\glassfish\jaxb\jaxb-runtime\2.3.2\jaxb-runtime-2.3.2.jar referenced one or more files that do not exist: file:/C:/Users/Devil/.m2/repository/org/glassfish/jaxb/jaxb-runtime/2.3.2/jakarta.xml.bind-api-2.3.2.jar,file:/C:/Users/Devil/.m2/repository/org/glassfish/jaxb/jaxb-runtime/2.3.2/txw2-2.3.2.jar,file:/C:/Users/Devil/.m2/repository/org/glassfish/jaxb/jaxb-runtime/2.3.2/istack-commons-runtime-3.0.8.jar,file:/C:/Users/Devil/.m2/repository/org/glassfish/jaxb/jaxb-runtime/2.3.2/stax-ex-1.8.1.jar,file:/C:/Users/Devil/.m2/repository/org/glassfish/jaxb/jaxb-runtime/2.3.2/FastInfoset-1.2.16.jar,file:/C:/Users/Devil/.m2/repository/org/glassfish/jaxb/jaxb-runtime/2.3.2/jakarta.activation-api-1.2.1.jar
2019-12-03 20:49:32.466  INFO 8540 --- [restartedMain] .e.DevToolsPropertyDefaultsPostProcessor : Devtools property defaults active! Set 'spring.devtools.add-properties' to 'false' to disable
2019-12-03 20:49:32.466  INFO 8540 --- [restartedMain] .e.DevToolsPropertyDefaultsPostProcessor : For additional web related logging consider setting the 'logging.level.web' property to 'DEBUG'
2019-12-03 20:49:34.686  INFO 8540 --- [restartedMain] .s.d.r.c.RepositoryConfigurationDelegate : Multiple Spring Data modules found, entering strict repository configuration mode!
2019-12-03 20:49:34.687  INFO 8540 --- [restartedMain] .s.d.r.c.RepositoryConfigurationDelegate : Bootstrapping Spring Data repositories in DEFAULT mode.
2019-12-03 20:49:34.806  INFO 8540 --- [restartedMain] .s.d.r.c.RepositoryConfigurationDelegate : Finished Spring Data repository scanning in 112ms. Found 0 repository interfaces.
2019-12-03 20:49:34.820  INFO 8540 --- [restartedMain] .s.d.r.c.RepositoryConfigurationDelegate : Multiple Spring Data modules found, entering strict repository configuration mode!
2019-12-03 20:49:34.821  INFO 8540 --- [restartedMain] .s.d.r.c.RepositoryConfigurationDelegate : Bootstrapping Spring Data repositories in DEFAULT mode.
2019-12-03 20:49:34.952  INFO 8540 --- [restartedMain] .s.d.r.c.RepositoryConfigurationDelegate : Finished Spring Data repository scanning in 124ms. Found 0 repository interfaces.
2019-12-03 20:49:36.149  INFO 8540 --- [restartedMain] trationDelegate$BeanPostProcessorChecker : Bean 'org.springframework.transaction.annotation.ProxyTransactionManagementConfiguration' of type [org.springframework.transaction.annotation.ProxyTransactionManagementConfiguration] is not eligible for getting processed by all BeanPostProcessors (for example: not eligible for auto-proxying)
2019-12-03 20:49:37.234  INFO 8540 --- [restartedMain] o.s.b.w.embedded.tomcat.TomcatWebServer  : Tomcat initialized with port(s): 8090 (http)
2019-12-03 20:49:37.316  INFO 8540 --- [restartedMain] o.apache.catalina.core.StandardService   : Starting service [Tomcat]
2019-12-03 20:49:37.317  INFO 8540 --- [restartedMain] org.apache.catalina.core.StandardEngine  : Starting Servlet engine: [Apache Tomcat/9.0.27]
2019-12-03 20:49:37.667  INFO 8540 --- [restartedMain] o.a.c.c.C.[Tomcat].[localhost].[/]       : Initializing Spring embedded WebApplicationContext
2019-12-03 20:49:37.668  INFO 8540 --- [restartedMain] o.s.web.context.ContextLoader            : Root WebApplicationContext: initialization completed in 5202 ms
2019-12-03 20:49:38.279  INFO 8540 --- [restartedMain] com.zaxxer.hikari.HikariDataSource       : HikariPool-1 - Starting...
2019-12-03 20:49:38.717  INFO 8540 --- [restartedMain] com.zaxxer.hikari.HikariDataSource       : HikariPool-1 - Start completed.
2019-12-03 20:49:38.828  INFO 8540 --- [restartedMain] o.hibernate.jpa.internal.util.LogHelper  : HHH000204: Processing PersistenceUnitInfo [name: default]
2019-12-03 20:49:43.102  INFO 8540 --- [restartedMain] org.hibernate.Version                    : HHH000412: Hibernate Core {5.4.8.Final}
2019-12-03 20:49:43.524  INFO 8540 --- [restartedMain] o.hibernate.annotations.common.Version   : HCANN000001: Hibernate Commons Annotations {5.1.0.Final}
2019-12-03 20:49:43.751  INFO 8540 --- [restartedMain] org.hibernate.dialect.Dialect            : HHH000400: Using dialect: org.hibernate.dialect.MySQL57Dialect
2019-12-03 20:49:45.275  INFO 8540 --- [restartedMain] o.h.e.t.j.p.i.JtaPlatformInitiator       : HHH000490: Using JtaPlatform implementation: [org.hibernate.engine.transaction.jta.platform.internal.NoJtaPlatform]
2019-12-03 20:49:45.289  INFO 8540 --- [restartedMain] j.LocalContainerEntityManagerFactoryBean : Initialized JPA EntityManagerFactory for persistence unit 'default'
2019-12-03 20:49:45.616  WARN 8540 --- [restartedMain] JpaBaseConfiguration$JpaWebConfiguration : spring.jpa.open-in-view is enabled by default. Therefore, database queries may be performed during view rendering. Explicitly configure spring.jpa.open-in-view to disable this warning
2019-12-03 20:49:46.084  INFO 8540 --- [restartedMain] o.s.s.web.DefaultSecurityFilterChain     : Creating filter chain: Ant [pattern='/**'], [org.springframework.security.web.context.request.async.WebAsyncManagerIntegrationFilter@558fa46a, org.springframework.security.web.context.SecurityContextPersistenceFilter@e8b0ea5, org.springframework.security.web.header.HeaderWriterFilter@4b29ba41, org.springframework.security.web.csrf.CsrfFilter@1c6c18fc, org.springframework.security.web.authentication.logout.LogoutFilter@310f17bc, org.springframework.security.web.savedrequest.RequestCacheAwareFilter@6be63058, org.springframework.security.web.servletapi.SecurityContextHolderAwareRequestFilter@7578c7b8, org.springframework.security.web.authentication.AnonymousAuthenticationFilter@9c9e13a, org.springframework.security.web.session.SessionManagementFilter@21cba117, org.springframework.security.web.access.ExceptionTranslationFilter@234d8f0, org.springframework.security.web.access.intercept.FilterSecurityInterceptor@7321662b]
2019-12-03 20:49:46.506  INFO 8540 --- [restartedMain] o.s.s.concurrent.ThreadPoolTaskExecutor  : Initializing ExecutorService 'applicationTaskExecutor'
2019-12-03 20:49:47.639  INFO 8540 --- [restartedMain] o.s.b.d.a.OptionalLiveReloadServer       : LiveReload server is running on port 35729
2019-12-03 20:49:47.841  INFO 8540 --- [restartedMain] o.s.b.w.embedded.tomcat.TomcatWebServer  : Tomcat started on port(s): 8090 (http) with context path ''
2019-12-03 20:49:47.846  INFO 8540 --- [restartedMain] c.e.crudoperations.CrudDemoApplication   : Started CrudDemoApplication in 16.39 seconds (JVM running for 19.413)
2019-12-03 20:49:58.464  INFO 8540 --- [http-nio-8090-exec-2] o.a.c.c.C.[Tomcat].[localhost].[/]       : Initializing Spring DispatcherServlet 'dispatcherServlet'
2019-12-03 20:49:58.464  INFO 8540 --- [http-nio-8090-exec-2] o.s.web.servlet.DispatcherServlet        : Initializing Servlet 'dispatcherServlet'
2019-12-03 20:49:58.475  INFO 8540 --- [http-nio-8090-exec-2] o.s.web.servlet.DispatcherServlet        : Completed initialization in 11 ms
2019-12-03 21:06:23.547  INFO 8540 --- [Thread-7] o.s.s.concurrent.ThreadPoolTaskExecutor  : Shutting down ExecutorService 'applicationTaskExecutor'
2019-12-03 21:06:23.548  INFO 8540 --- [Thread-7] j.LocalContainerEntityManagerFactoryBean : Closing JPA EntityManagerFactory for persistence unit 'default'
2019-12-03 21:06:23.552  INFO 8540 --- [Thread-7] com.zaxxer.hikari.HikariDataSource       : HikariPool-1 - Shutdown initiated...
2019-12-03 21:06:23.564  INFO 8540 --- [Thread-7] com.zaxxer.hikari.HikariDataSource       : HikariPool-1 - Shutdown completed.
2019-12-03 21:06:24.154  INFO 8540 --- [restartedMain] c.e.crudoperations.CrudDemoApplication   : starting application...
2019-12-03 21:06:24.233  INFO 8540 --- [restartedMain] c.e.crudoperations.CrudDemoApplication   : Starting CrudDemoApplication on Devil-PC with PID 8540 (E:\SpringbootAngularCRUD\CRUDDemo\target\classes started by Devil in E:\SpringbootAngularCRUD\CRUDDemo)
2019-12-03 21:06:24.233  INFO 8540 --- [restartedMain] c.e.crudoperations.CrudDemoApplication   : The following profiles are active: DEV
2019-12-03 21:06:24.742  INFO 8540 --- [restartedMain] .s.d.r.c.RepositoryConfigurationDelegate : Multiple Spring Data modules found, entering strict repository configuration mode!
2019-12-03 21:06:24.743  INFO 8540 --- [restartedMain] .s.d.r.c.RepositoryConfigurationDelegate : Bootstrapping Spring Data repositories in DEFAULT mode.
2019-12-03 21:06:24.751  INFO 8540 --- [restartedMain] .s.d.r.c.RepositoryConfigurationDelegate : Finished Spring Data repository scanning in 7ms. Found 0 repository interfaces.
2019-12-03 21:06:24.757  INFO 8540 --- [restartedMain] .s.d.r.c.RepositoryConfigurationDelegate : Multiple Spring Data modules found, entering strict repository configuration mode!
2019-12-03 21:06:24.757  INFO 8540 --- [restartedMain] .s.d.r.c.RepositoryConfigurationDelegate : Bootstrapping Spring Data repositories in DEFAULT mode.
2019-12-03 21:06:24.764  INFO 8540 --- [restartedMain] .s.d.r.c.RepositoryConfigurationDelegate : Finished Spring Data repository scanning in 6ms. Found 0 repository interfaces.
2019-12-03 21:06:24.868  INFO 8540 --- [restartedMain] trationDelegate$BeanPostProcessorChecker : Bean 'org.springframework.transaction.annotation.ProxyTransactionManagementConfiguration' of type [org.springframework.transaction.annotation.ProxyTransactionManagementConfiguration] is not eligible for getting processed by all BeanPostProcessors (for example: not eligible for auto-proxying)
2019-12-03 21:06:24.936  WARN 8540 --- [restartedMain] org.apache.tomcat.util.modeler.Registry  : The MBean registry cannot be disabled because it has already been initialised
2019-12-03 21:06:25.056  INFO 8540 --- [restartedMain] o.s.b.w.embedded.tomcat.TomcatWebServer  : Tomcat initialized with port(s): 8090 (http)
2019-12-03 21:06:25.058  INFO 8540 --- [restartedMain] o.apache.catalina.core.StandardService   : Starting service [Tomcat]
2019-12-03 21:06:25.058  INFO 8540 --- [restartedMain] org.apache.catalina.core.StandardEngine  : Starting Servlet engine: [Apache Tomcat/9.0.27]
2019-12-03 21:06:25.090  INFO 8540 --- [restartedMain] o.a.c.c.C.[Tomcat].[localhost].[/]       : Initializing Spring embedded WebApplicationContext
2019-12-03 21:06:25.090  INFO 8540 --- [restartedMain] o.s.web.context.ContextLoader            : Root WebApplicationContext: initialization completed in 846 ms
2019-12-03 21:06:31.187  INFO 8540 --- [restartedMain] com.zaxxer.hikari.HikariDataSource       : HikariPool-2 - Starting...
2019-12-03 21:06:31.333  INFO 8540 --- [restartedMain] com.zaxxer.hikari.HikariDataSource       : HikariPool-2 - Start completed.
2019-12-03 21:06:31.341  INFO 8540 --- [restartedMain] o.hibernate.jpa.internal.util.LogHelper  : HHH000204: Processing PersistenceUnitInfo [name: default]
2019-12-03 21:06:31.349  INFO 8540 --- [restartedMain] org.hibernate.dialect.Dialect            : HHH000400: Using dialect: org.hibernate.dialect.MySQL57Dialect
2019-12-03 21:12:41.063  INFO 1632 --- [restartedMain] c.e.crudoperations.CrudDemoApplication   : Starting CrudDemoApplication on Devil-PC with PID 1632 (E:\SpringbootAngularCRUD\CRUDDemo\target\classes started by Devil in E:\SpringbootAngularCRUD\CRUDDemo)
2019-12-03 21:12:41.064  INFO 1632 --- [restartedMain] c.e.crudoperations.CrudDemoApplication   : The following profiles are active: DEV
2019-12-03 21:12:41.189  INFO 1632 --- [restartedMain] o.s.b.devtools.restart.ChangeableUrls    : The Class-Path manifest attribute in C:\Users\Devil\.m2\repository\org\glassfish\jaxb\jaxb-runtime\2.3.2\jaxb-runtime-2.3.2.jar referenced one or more files that do not exist: file:/C:/Users/Devil/.m2/repository/org/glassfish/jaxb/jaxb-runtime/2.3.2/jakarta.xml.bind-api-2.3.2.jar,file:/C:/Users/Devil/.m2/repository/org/glassfish/jaxb/jaxb-runtime/2.3.2/txw2-2.3.2.jar,file:/C:/Users/Devil/.m2/repository/org/glassfish/jaxb/jaxb-runtime/2.3.2/istack-commons-runtime-3.0.8.jar,file:/C:/Users/Devil/.m2/repository/org/glassfish/jaxb/jaxb-runtime/2.3.2/stax-ex-1.8.1.jar,file:/C:/Users/Devil/.m2/repository/org/glassfish/jaxb/jaxb-runtime/2.3.2/FastInfoset-1.2.16.jar,file:/C:/Users/Devil/.m2/repository/org/glassfish/jaxb/jaxb-runtime/2.3.2/jakarta.activation-api-1.2.1.jar
2019-12-03 21:12:41.190  INFO 1632 --- [restartedMain] .e.DevToolsPropertyDefaultsPostProcessor : Devtools property defaults active! Set 'spring.devtools.add-properties' to 'false' to disable
2019-12-03 21:12:41.190  INFO 1632 --- [restartedMain] .e.DevToolsPropertyDefaultsPostProcessor : For additional web related logging consider setting the 'logging.level.web' property to 'DEBUG'
2019-12-03 21:12:44.295  INFO 1632 --- [restartedMain] .s.d.r.c.RepositoryConfigurationDelegate : Multiple Spring Data modules found, entering strict repository configuration mode!
2019-12-03 21:12:44.296  INFO 1632 --- [restartedMain] .s.d.r.c.RepositoryConfigurationDelegate : Bootstrapping Spring Data repositories in DEFAULT mode.
2019-12-03 21:12:44.488  INFO 1632 --- [restartedMain] .s.d.r.c.RepositoryConfigurationDelegate : Finished Spring Data repository scanning in 186ms. Found 0 repository interfaces.
2019-12-03 21:12:44.502  INFO 1632 --- [restartedMain] .s.d.r.c.RepositoryConfigurationDelegate : Multiple Spring Data modules found, entering strict repository configuration mode!
2019-12-03 21:12:44.572  INFO 1632 --- [restartedMain] .s.d.r.c.RepositoryConfigurationDelegate : Bootstrapping Spring Data repositories in DEFAULT mode.
2019-12-03 21:12:44.585  INFO 1632 --- [restartedMain] .s.d.r.c.RepositoryConfigurationDelegate : Finished Spring Data repository scanning in 3ms. Found 0 repository interfaces.
2019-12-03 21:12:46.018  INFO 1632 --- [restartedMain] trationDelegate$BeanPostProcessorChecker : Bean 'org.springframework.transaction.annotation.ProxyTransactionManagementConfiguration' of type [org.springframework.transaction.annotation.ProxyTransactionManagementConfiguration] is not eligible for getting processed by all BeanPostProcessors (for example: not eligible for auto-proxying)
2019-12-03 21:12:47.362  INFO 1632 --- [restartedMain] o.s.b.w.embedded.tomcat.TomcatWebServer  : Tomcat initialized with port(s): 8090 (http)
2019-12-03 21:12:47.464  INFO 1632 --- [restartedMain] o.apache.catalina.core.StandardService   : Starting service [Tomcat]
2019-12-03 21:12:47.465  INFO 1632 --- [restartedMain] org.apache.catalina.core.StandardEngine  : Starting Servlet engine: [Apache Tomcat/9.0.27]
2019-12-03 21:12:47.829  INFO 1632 --- [restartedMain] o.a.c.c.C.[Tomcat].[localhost].[/]       : Initializing Spring embedded WebApplicationContext
2019-12-03 21:12:47.830  INFO 1632 --- [restartedMain] o.s.web.context.ContextLoader            : Root WebApplicationContext: initialization completed in 6639 ms
2019-12-03 21:12:48.288  INFO 1632 --- [restartedMain] com.zaxxer.hikari.HikariDataSource       : HikariPool-1 - Starting...
2019-12-03 21:12:53.502  INFO 1632 --- [restartedMain] com.zaxxer.hikari.HikariDataSource       : HikariPool-1 - Start completed.
2019-12-03 21:12:53.561  INFO 1632 --- [restartedMain] o.hibernate.jpa.internal.util.LogHelper  : HHH000204: Processing PersistenceUnitInfo [name: default]
2019-12-03 21:12:53.729  INFO 1632 --- [restartedMain] org.hibernate.Version                    : HHH000412: Hibernate Core {5.4.8.Final}
2019-12-03 21:12:54.453  INFO 1632 --- [restartedMain] o.hibernate.annotations.common.Version   : HCANN000001: Hibernate Commons Annotations {5.1.0.Final}
2019-12-03 21:12:54.913  INFO 1632 --- [restartedMain] org.hibernate.dialect.Dialect            : HHH000400: Using dialect: org.hibernate.dialect.MySQL57Dialect
2019-12-03 21:12:57.212  INFO 1632 --- [restartedMain] o.h.e.t.j.p.i.JtaPlatformInitiator       : HHH000490: Using JtaPlatform implementation: [org.hibernate.engine.transaction.jta.platform.internal.NoJtaPlatform]
2019-12-03 21:12:57.245  INFO 1632 --- [restartedMain] j.LocalContainerEntityManagerFactoryBean : Initialized JPA EntityManagerFactory for persistence unit 'default'
2019-12-03 21:12:57.957  WARN 1632 --- [restartedMain] JpaBaseConfiguration$JpaWebConfiguration : spring.jpa.open-in-view is enabled by default. Therefore, database queries may be performed during view rendering. Explicitly configure spring.jpa.open-in-view to disable this warning
2019-12-03 21:12:59.204  INFO 1632 --- [restartedMain] o.s.s.web.DefaultSecurityFilterChain     : Creating filter chain: any request, [org.springframework.security.web.context.request.async.WebAsyncManagerIntegrationFilter@64b283fb, org.springframework.security.web.context.SecurityContextPersistenceFilter@5a466401, org.springframework.security.web.header.HeaderWriterFilter@3c51413f, org.springframework.security.web.csrf.CsrfFilter@4f9eb36c, org.springframework.security.web.authentication.logout.LogoutFilter@60915a32, org.springframework.security.web.authentication.UsernamePasswordAuthenticationFilter@ebc1691, org.springframework.security.web.authentication.ui.DefaultLoginPageGeneratingFilter@437d6010, org.springframework.security.web.authentication.ui.DefaultLogoutPageGeneratingFilter@18ed1b9f, org.springframework.security.web.authentication.www.BasicAuthenticationFilter@36f0ea6e, org.springframework.security.web.savedrequest.RequestCacheAwareFilter@2de0a17f, org.springframework.security.web.servletapi.SecurityContextHolderAwareRequestFilter@46461b20, org.springframework.security.web.authentication.AnonymousAuthenticationFilter@44ff36c8, org.springframework.security.web.session.SessionManagementFilter@23073bae, org.springframework.security.web.access.ExceptionTranslationFilter@11479626, org.springframework.security.web.access.intercept.FilterSecurityInterceptor@24240c56]
2019-12-03 21:13:00.340  INFO 1632 --- [restartedMain] o.s.s.concurrent.ThreadPoolTaskExecutor  : Initializing ExecutorService 'applicationTaskExecutor'
2019-12-03 21:13:02.450  INFO 1632 --- [restartedMain] o.s.b.d.a.OptionalLiveReloadServer       : LiveReload server is running on port 35729
2019-12-03 21:13:02.741  INFO 1632 --- [restartedMain] o.s.b.w.embedded.tomcat.TomcatWebServer  : Tomcat started on port(s): 8090 (http) with context path ''
2019-12-03 21:13:02.746  INFO 1632 --- [restartedMain] c.e.crudoperations.CrudDemoApplication   : Started CrudDemoApplication in 22.754 seconds (JVM running for 53.483)
2019-12-03 21:14:34.825  INFO 1632 --- [http-nio-8090-exec-9] o.a.c.c.C.[Tomcat].[localhost].[/]       : Initializing Spring DispatcherServlet 'dispatcherServlet'
2019-12-03 21:14:34.826  INFO 1632 --- [http-nio-8090-exec-9] o.s.web.servlet.DispatcherServlet        : Initializing Servlet 'dispatcherServlet'
2019-12-03 21:14:34.838  INFO 1632 --- [http-nio-8090-exec-9] o.s.web.servlet.DispatcherServlet        : Completed initialization in 12 ms
2019-12-03 21:30:28.258  INFO 1632 --- [Thread-7] o.s.s.concurrent.ThreadPoolTaskExecutor  : Shutting down ExecutorService 'applicationTaskExecutor'
2019-12-03 21:30:28.400  INFO 1632 --- [Thread-7] j.LocalContainerEntityManagerFactoryBean : Closing JPA EntityManagerFactory for persistence unit 'default'
2019-12-03 21:30:28.674  INFO 1632 --- [Thread-7] com.zaxxer.hikari.HikariDataSource       : HikariPool-1 - Shutdown initiated...
2019-12-03 21:30:29.091  INFO 1632 --- [Thread-7] com.zaxxer.hikari.HikariDataSource       : HikariPool-1 - Shutdown completed.
2019-12-03 21:30:45.790  INFO 6808 --- [restartedMain] c.e.crudoperations.CrudDemoApplication   : Starting CrudDemoApplication on Devil-PC with PID 6808 (E:\SpringbootAngularCRUD\CRUDDemo\target\classes started by Devil in E:\SpringbootAngularCRUD\CRUDDemo)
2019-12-03 21:30:45.791  INFO 6808 --- [restartedMain] c.e.crudoperations.CrudDemoApplication   : The following profiles are active: DEV
2019-12-03 21:30:46.166  INFO 6808 --- [restartedMain] o.s.b.devtools.restart.ChangeableUrls    : The Class-Path manifest attribute in C:\Users\Devil\.m2\repository\org\glassfish\jaxb\jaxb-runtime\2.3.2\jaxb-runtime-2.3.2.jar referenced one or more files that do not exist: file:/C:/Users/Devil/.m2/repository/org/glassfish/jaxb/jaxb-runtime/2.3.2/jakarta.xml.bind-api-2.3.2.jar,file:/C:/Users/Devil/.m2/repository/org/glassfish/jaxb/jaxb-runtime/2.3.2/txw2-2.3.2.jar,file:/C:/Users/Devil/.m2/repository/org/glassfish/jaxb/jaxb-runtime/2.3.2/istack-commons-runtime-3.0.8.jar,file:/C:/Users/Devil/.m2/repository/org/glassfish/jaxb/jaxb-runtime/2.3.2/stax-ex-1.8.1.jar,file:/C:/Users/Devil/.m2/repository/org/glassfish/jaxb/jaxb-runtime/2.3.2/FastInfoset-1.2.16.jar,file:/C:/Users/Devil/.m2/repository/org/glassfish/jaxb/jaxb-runtime/2.3.2/jakarta.activation-api-1.2.1.jar
2019-12-03 21:30:46.167  INFO 6808 --- [restartedMain] .e.DevToolsPropertyDefaultsPostProcessor : Devtools property defaults active! Set 'spring.devtools.add-properties' to 'false' to disable
2019-12-03 21:30:46.167  INFO 6808 --- [restartedMain] .e.DevToolsPropertyDefaultsPostProcessor : For additional web related logging consider setting the 'logging.level.web' property to 'DEBUG'
2019-12-03 21:30:50.656  INFO 6808 --- [restartedMain] .s.d.r.c.RepositoryConfigurationDelegate : Multiple Spring Data modules found, entering strict repository configuration mode!
2019-12-03 21:30:50.657  INFO 6808 --- [restartedMain] .s.d.r.c.RepositoryConfigurationDelegate : Bootstrapping Spring Data repositories in DEFAULT mode.
2019-12-03 21:30:50.819  INFO 6808 --- [restartedMain] .s.d.r.c.RepositoryConfigurationDelegate : Finished Spring Data repository scanning in 121ms. Found 0 repository interfaces.
2019-12-03 21:30:50.956  INFO 6808 --- [restartedMain] .s.d.r.c.RepositoryConfigurationDelegate : Multiple Spring Data modules found, entering strict repository configuration mode!
2019-12-03 21:30:50.957  INFO 6808 --- [restartedMain] .s.d.r.c.RepositoryConfigurationDelegate : Bootstrapping Spring Data repositories in DEFAULT mode.
2019-12-03 21:30:51.066  INFO 6808 --- [restartedMain] .s.d.r.c.RepositoryConfigurationDelegate : Finished Spring Data repository scanning in 3ms. Found 0 repository interfaces.
2019-12-03 21:30:52.534  INFO 6808 --- [restartedMain] trationDelegate$BeanPostProcessorChecker : Bean 'org.springframework.transaction.annotation.ProxyTransactionManagementConfiguration' of type [org.springframework.transaction.annotation.ProxyTransactionManagementConfiguration] is not eligible for getting processed by all BeanPostProcessors (for example: not eligible for auto-proxying)
2019-12-03 21:30:54.125  INFO 6808 --- [restartedMain] o.s.b.w.embedded.tomcat.TomcatWebServer  : Tomcat initialized with port(s): 8090 (http)
2019-12-03 21:30:54.209  INFO 6808 --- [restartedMain] o.apache.catalina.core.StandardService   : Starting service [Tomcat]
2019-12-03 21:30:54.211  INFO 6808 --- [restartedMain] org.apache.catalina.core.StandardEngine  : Starting Servlet engine: [Apache Tomcat/9.0.27]
2019-12-03 21:30:54.858  INFO 6808 --- [restartedMain] o.a.c.c.C.[Tomcat].[localhost].[/]       : Initializing Spring embedded WebApplicationContext
2019-12-03 21:30:54.859  INFO 6808 --- [restartedMain] o.s.web.context.ContextLoader            : Root WebApplicationContext: initialization completed in 8692 ms
2019-12-03 21:30:55.790  INFO 6808 --- [restartedMain] com.zaxxer.hikari.HikariDataSource       : HikariPool-1 - Starting...
2019-12-03 21:31:02.404  INFO 6808 --- [restartedMain] com.zaxxer.hikari.HikariDataSource       : HikariPool-1 - Start completed.
2019-12-03 21:31:02.911  INFO 6808 --- [restartedMain] o.hibernate.jpa.internal.util.LogHelper  : HHH000204: Processing PersistenceUnitInfo [name: default]
2019-12-03 21:31:03.856  INFO 6808 --- [restartedMain] org.hibernate.Version                    : HHH000412: Hibernate Core {5.4.8.Final}
2019-12-03 21:31:05.164  INFO 6808 --- [restartedMain] o.hibernate.annotations.common.Version   : HCANN000001: Hibernate Commons Annotations {5.1.0.Final}
2019-12-03 21:31:05.766  INFO 6808 --- [restartedMain] org.hibernate.dialect.Dialect            : HHH000400: Using dialect: org.hibernate.dialect.MySQL57Dialect
2019-12-03 21:31:09.545  INFO 6808 --- [restartedMain] o.h.e.t.j.p.i.JtaPlatformInitiator       : HHH000490: Using JtaPlatform implementation: [org.hibernate.engine.transaction.jta.platform.internal.NoJtaPlatform]
2019-12-03 21:31:09.604  INFO 6808 --- [restartedMain] j.LocalContainerEntityManagerFactoryBean : Initialized JPA EntityManagerFactory for persistence unit 'default'
2019-12-03 21:31:10.077  WARN 6808 --- [restartedMain] JpaBaseConfiguration$JpaWebConfiguration : spring.jpa.open-in-view is enabled by default. Therefore, database queries may be performed during view rendering. Explicitly configure spring.jpa.open-in-view to disable this warning
2019-12-03 21:31:10.666  INFO 6808 --- [restartedMain] o.s.s.web.DefaultSecurityFilterChain     : Creating filter chain: any request, [org.springframework.security.web.context.request.async.WebAsyncManagerIntegrationFilter@5e6bbf7f, org.springframework.security.web.context.SecurityContextPersistenceFilter@2e41cfcf, org.springframework.security.web.header.HeaderWriterFilter@1dd02a06, org.springframework.security.web.authentication.logout.LogoutFilter@2df18762, org.springframework.security.web.authentication.www.BasicAuthenticationFilter@7712b3c8, org.springframework.security.web.savedrequest.RequestCacheAwareFilter@40bb5ffe, org.springframework.security.web.servletapi.SecurityContextHolderAwareRequestFilter@7af3029, org.springframework.security.web.authentication.AnonymousAuthenticationFilter@3fc0321b, org.springframework.security.web.session.SessionManagementFilter@31fca584, org.springframework.security.web.access.ExceptionTranslationFilter@104d1ea0, org.springframework.security.web.access.intercept.FilterSecurityInterceptor@464dbd7f]
2019-12-03 21:31:11.608  INFO 6808 --- [restartedMain] o.s.s.concurrent.ThreadPoolTaskExecutor  : Initializing ExecutorService 'applicationTaskExecutor'
2019-12-03 21:31:12.695  INFO 6808 --- [restartedMain] o.s.b.d.a.OptionalLiveReloadServer       : LiveReload server is running on port 35729
2019-12-03 21:31:12.889  INFO 6808 --- [restartedMain] o.s.b.w.embedded.tomcat.TomcatWebServer  : Tomcat started on port(s): 8090 (http) with context path ''
2019-12-03 21:31:12.927  INFO 6808 --- [restartedMain] c.e.crudoperations.CrudDemoApplication   : Started CrudDemoApplication in 29.796 seconds (JVM running for 36.25)
2019-12-03 21:31:35.025  INFO 6808 --- [http-nio-8090-exec-9] o.a.c.c.C.[Tomcat].[localhost].[/]       : Initializing Spring DispatcherServlet 'dispatcherServlet'
2019-12-03 21:31:35.028  INFO 6808 --- [http-nio-8090-exec-9] o.s.web.servlet.DispatcherServlet        : Initializing Servlet 'dispatcherServlet'
2019-12-03 21:31:35.165  INFO 6808 --- [http-nio-8090-exec-9] o.s.web.servlet.DispatcherServlet        : Completed initialization in 136 ms
2019-12-03 21:31:57.639  INFO 6808 --- [Thread-7] o.s.s.concurrent.ThreadPoolTaskExecutor  : Shutting down ExecutorService 'applicationTaskExecutor'
2019-12-03 21:31:57.640  INFO 6808 --- [Thread-7] j.LocalContainerEntityManagerFactoryBean : Closing JPA EntityManagerFactory for persistence unit 'default'
2019-12-03 21:31:57.644  INFO 6808 --- [Thread-7] com.zaxxer.hikari.HikariDataSource       : HikariPool-1 - Shutdown initiated...
2019-12-03 21:31:57.744  INFO 6808 --- [Thread-7] com.zaxxer.hikari.HikariDataSource       : HikariPool-1 - Shutdown completed.
2019-12-03 21:31:59.793  INFO 6808 --- [restartedMain] c.e.crudoperations.CrudDemoApplication   : starting application...
2019-12-03 21:32:00.054  INFO 6808 --- [restartedMain] c.e.crudoperations.CrudDemoApplication   : Starting CrudDemoApplication on Devil-PC with PID 6808 (E:\SpringbootAngularCRUD\CRUDDemo\target\classes started by Devil in E:\SpringbootAngularCRUD\CRUDDemo)
2019-12-03 21:32:00.055  INFO 6808 --- [restartedMain] c.e.crudoperations.CrudDemoApplication   : The following profiles are active: DEV
2019-12-03 21:32:00.623  INFO 6808 --- [restartedMain] .s.d.r.c.RepositoryConfigurationDelegate : Multiple Spring Data modules found, entering strict repository configuration mode!
2019-12-03 21:32:00.624  INFO 6808 --- [restartedMain] .s.d.r.c.RepositoryConfigurationDelegate : Bootstrapping Spring Data repositories in DEFAULT mode.
2019-12-03 21:32:00.629  INFO 6808 --- [restartedMain] .s.d.r.c.RepositoryConfigurationDelegate : Finished Spring Data repository scanning in 5ms. Found 0 repository interfaces.
2019-12-03 21:32:00.635  INFO 6808 --- [restartedMain] .s.d.r.c.RepositoryConfigurationDelegate : Multiple Spring Data modules found, entering strict repository configuration mode!
2019-12-03 21:32:00.636  INFO 6808 --- [restartedMain] .s.d.r.c.RepositoryConfigurationDelegate : Bootstrapping Spring Data repositories in DEFAULT mode.
2019-12-03 21:32:00.643  INFO 6808 --- [restartedMain] .s.d.r.c.RepositoryConfigurationDelegate : Finished Spring Data repository scanning in 6ms. Found 0 repository interfaces.
2019-12-03 21:32:00.881  INFO 6808 --- [restartedMain] trationDelegate$BeanPostProcessorChecker : Bean 'org.springframework.transaction.annotation.ProxyTransactionManagementConfiguration' of type [org.springframework.transaction.annotation.ProxyTransactionManagementConfiguration] is not eligible for getting processed by all BeanPostProcessors (for example: not eligible for auto-proxying)
2019-12-03 21:32:00.984  WARN 6808 --- [restartedMain] org.apache.tomcat.util.modeler.Registry  : The MBean registry cannot be disabled because it has already been initialised
2019-12-03 21:32:01.198  INFO 6808 --- [restartedMain] o.s.b.w.embedded.tomcat.TomcatWebServer  : Tomcat initialized with port(s): 8090 (http)
2019-12-03 21:32:01.204  INFO 6808 --- [restartedMain] o.apache.catalina.core.StandardService   : Starting service [Tomcat]
2019-12-03 21:32:01.205  INFO 6808 --- [restartedMain] org.apache.catalina.core.StandardEngine  : Starting Servlet engine: [Apache Tomcat/9.0.27]
2019-12-03 21:32:01.285  INFO 6808 --- [restartedMain] o.a.c.c.C.[Tomcat].[localhost].[/]       : Initializing Spring embedded WebApplicationContext
2019-12-03 21:32:01.285  INFO 6808 --- [restartedMain] o.s.web.context.ContextLoader            : Root WebApplicationContext: initialization completed in 1225 ms
2019-12-03 21:32:03.901  INFO 6808 --- [restartedMain] com.zaxxer.hikari.HikariDataSource       : HikariPool-2 - Starting...
2019-12-03 21:32:04.192  INFO 6808 --- [restartedMain] com.zaxxer.hikari.HikariDataSource       : HikariPool-2 - Start completed.
2019-12-03 21:32:04.197  INFO 6808 --- [restartedMain] o.hibernate.jpa.internal.util.LogHelper  : HHH000204: Processing PersistenceUnitInfo [name: default]
2019-12-03 21:32:04.264  INFO 6808 --- [restartedMain] org.hibernate.dialect.Dialect            : HHH000400: Using dialect: org.hibernate.dialect.MySQL57Dialect
2019-12-03 21:32:04.396  INFO 6808 --- [restartedMain] o.h.e.t.j.p.i.JtaPlatformInitiator       : HHH000490: Using JtaPlatform implementation: [org.hibernate.engine.transaction.jta.platform.internal.NoJtaPlatform]
2019-12-03 21:32:04.396  INFO 6808 --- [restartedMain] j.LocalContainerEntityManagerFactoryBean : Initialized JPA EntityManagerFactory for persistence unit 'default'
2019-12-03 21:32:04.524  WARN 6808 --- [restartedMain] JpaBaseConfiguration$JpaWebConfiguration : spring.jpa.open-in-view is enabled by default. Therefore, database queries may be performed during view rendering. Explicitly configure spring.jpa.open-in-view to disable this warning
2019-12-03 21:32:04.678  INFO 6808 --- [restartedMain] o.s.s.concurrent.ThreadPoolTaskExecutor  : Initializing ExecutorService 'applicationTaskExecutor'
2019-12-03 22:13:08.744  INFO 2688 --- [restartedMain] c.e.crudoperations.CrudDemoApplication   : Starting CrudDemoApplication on Devil-PC with PID 2688 (E:\SpringbootAngularCRUD\CRUDDemo\target\classes started by Devil in E:\SpringbootAngularCRUD\CRUDDemo)
2019-12-03 22:13:08.765  INFO 2688 --- [restartedMain] c.e.crudoperations.CrudDemoApplication   : The following profiles are active: DEV
2019-12-03 22:13:09.728  INFO 2688 --- [restartedMain] o.s.b.devtools.restart.ChangeableUrls    : The Class-Path manifest attribute in C:\Users\Devil\.m2\repository\org\glassfish\jaxb\jaxb-runtime\2.3.2\jaxb-runtime-2.3.2.jar referenced one or more files that do not exist: file:/C:/Users/Devil/.m2/repository/org/glassfish/jaxb/jaxb-runtime/2.3.2/jakarta.xml.bind-api-2.3.2.jar,file:/C:/Users/Devil/.m2/repository/org/glassfish/jaxb/jaxb-runtime/2.3.2/txw2-2.3.2.jar,file:/C:/Users/Devil/.m2/repository/org/glassfish/jaxb/jaxb-runtime/2.3.2/istack-commons-runtime-3.0.8.jar,file:/C:/Users/Devil/.m2/repository/org/glassfish/jaxb/jaxb-runtime/2.3.2/stax-ex-1.8.1.jar,file:/C:/Users/Devil/.m2/repository/org/glassfish/jaxb/jaxb-runtime/2.3.2/FastInfoset-1.2.16.jar,file:/C:/Users/Devil/.m2/repository/org/glassfish/jaxb/jaxb-runtime/2.3.2/jakarta.activation-api-1.2.1.jar
2019-12-03 22:13:09.729  INFO 2688 --- [restartedMain] .e.DevToolsPropertyDefaultsPostProcessor : Devtools property defaults active! Set 'spring.devtools.add-properties' to 'false' to disable
2019-12-03 22:13:09.729  INFO 2688 --- [restartedMain] .e.DevToolsPropertyDefaultsPostProcessor : For additional web related logging consider setting the 'logging.level.web' property to 'DEBUG'
2019-12-03 22:13:19.913  INFO 2688 --- [restartedMain] .s.d.r.c.RepositoryConfigurationDelegate : Multiple Spring Data modules found, entering strict repository configuration mode!
2019-12-03 22:13:19.919  INFO 2688 --- [restartedMain] .s.d.r.c.RepositoryConfigurationDelegate : Bootstrapping Spring Data repositories in DEFAULT mode.
2019-12-03 22:13:20.104  INFO 2688 --- [restartedMain] .s.d.r.c.RepositoryConfigurationDelegate : Finished Spring Data repository scanning in 141ms. Found 0 repository interfaces.
2019-12-03 22:13:20.207  INFO 2688 --- [restartedMain] .s.d.r.c.RepositoryConfigurationDelegate : Multiple Spring Data modules found, entering strict repository configuration mode!
2019-12-03 22:13:20.208  INFO 2688 --- [restartedMain] .s.d.r.c.RepositoryConfigurationDelegate : Bootstrapping Spring Data repositories in DEFAULT mode.
2019-12-03 22:13:20.252  INFO 2688 --- [restartedMain] .s.d.r.c.RepositoryConfigurationDelegate : Finished Spring Data repository scanning in 19ms. Found 0 repository interfaces.
2019-12-03 22:13:22.389  INFO 2688 --- [restartedMain] trationDelegate$BeanPostProcessorChecker : Bean 'org.springframework.transaction.annotation.ProxyTransactionManagementConfiguration' of type [org.springframework.transaction.annotation.ProxyTransactionManagementConfiguration] is not eligible for getting processed by all BeanPostProcessors (for example: not eligible for auto-proxying)
2019-12-03 22:13:27.530  INFO 2688 --- [restartedMain] o.s.b.w.embedded.tomcat.TomcatWebServer  : Tomcat initialized with port(s): 8090 (http)
2019-12-03 22:13:28.795  INFO 2688 --- [restartedMain] o.apache.catalina.core.StandardService   : Starting service [Tomcat]
2019-12-03 22:13:28.796  INFO 2688 --- [restartedMain] org.apache.catalina.core.StandardEngine  : Starting Servlet engine: [Apache Tomcat/9.0.27]
2019-12-03 22:13:33.891  INFO 2688 --- [restartedMain] o.a.c.c.C.[Tomcat].[localhost].[/]       : Initializing Spring embedded WebApplicationContext
2019-12-03 22:13:33.892  INFO 2688 --- [restartedMain] o.s.web.context.ContextLoader            : Root WebApplicationContext: initialization completed in 24162 ms
2019-12-03 22:13:41.109  INFO 2688 --- [restartedMain] com.zaxxer.hikari.HikariDataSource       : HikariPool-1 - Starting...
2019-12-03 22:13:47.648  INFO 2688 --- [restartedMain] com.zaxxer.hikari.HikariDataSource       : HikariPool-1 - Start completed.
2019-12-03 22:13:48.190  INFO 2688 --- [restartedMain] o.hibernate.jpa.internal.util.LogHelper  : HHH000204: Processing PersistenceUnitInfo [name: default]
2019-12-03 22:13:49.426  INFO 2688 --- [restartedMain] org.hibernate.Version                    : HHH000412: Hibernate Core {5.4.8.Final}
2019-12-03 22:14:02.552  INFO 2688 --- [restartedMain] o.hibernate.annotations.common.Version   : HCANN000001: Hibernate Commons Annotations {5.1.0.Final}
2019-12-03 22:14:04.098  INFO 2688 --- [restartedMain] org.hibernate.dialect.Dialect            : HHH000400: Using dialect: org.hibernate.dialect.MySQL57Dialect
2019-12-03 22:14:11.140  INFO 2688 --- [restartedMain] o.h.e.t.j.p.i.JtaPlatformInitiator       : HHH000490: Using JtaPlatform implementation: [org.hibernate.engine.transaction.jta.platform.internal.NoJtaPlatform]
2019-12-03 22:14:11.208  INFO 2688 --- [restartedMain] j.LocalContainerEntityManagerFactoryBean : Initialized JPA EntityManagerFactory for persistence unit 'default'
2019-12-03 22:14:11.880  WARN 2688 --- [restartedMain] JpaBaseConfiguration$JpaWebConfiguration : spring.jpa.open-in-view is enabled by default. Therefore, database queries may be performed during view rendering. Explicitly configure spring.jpa.open-in-view to disable this warning
2019-12-03 22:14:13.147  INFO 2688 --- [restartedMain] o.s.s.concurrent.ThreadPoolTaskExecutor  : Initializing ExecutorService 'applicationTaskExecutor'
2019-12-03 22:14:15.739  INFO 2688 --- [restartedMain] o.s.b.d.a.OptionalLiveReloadServer       : LiveReload server is running on port 35729
2019-12-03 22:14:16.576  INFO 2688 --- [restartedMain] o.s.b.w.embedded.tomcat.TomcatWebServer  : Tomcat started on port(s): 8090 (http) with context path ''
2019-12-03 22:14:16.600  INFO 2688 --- [restartedMain] c.e.crudoperations.CrudDemoApplication   : Started CrudDemoApplication in 73.825 seconds (JVM running for 114.562)
2019-12-03 22:14:51.805  INFO 2688 --- [http-nio-8090-exec-2] o.a.c.c.C.[Tomcat].[localhost].[/]       : Initializing Spring DispatcherServlet 'dispatcherServlet'
2019-12-03 22:14:51.805  INFO 2688 --- [http-nio-8090-exec-2] o.s.web.servlet.DispatcherServlet        : Initializing Servlet 'dispatcherServlet'
2019-12-03 22:14:51.929  INFO 2688 --- [http-nio-8090-exec-2] o.s.web.servlet.DispatcherServlet        : Completed initialization in 122 ms
2019-12-03 22:14:53.139  INFO 2688 --- [http-nio-8090-exec-4] c.e.c.controller.ManagerController       : Checking for the valid manager details.
2019-12-03 22:14:57.099  INFO 2688 --- [http-nio-8090-exec-4] c.e.c.controller.ManagerController       : Valid manager record found.
2019-12-03 22:14:59.608  INFO 2688 --- [http-nio-8090-exec-6] c.e.c.controller.EmployeeController      : Fetching employees...
2019-12-03 22:17:01.553  INFO 2688 --- [http-nio-8090-exec-7] c.e.c.controller.EmployeeController      : Fetching employees...
